<html>
<head>
<title>TestNG:  Default test</title>
<link href="../testng.css" rel="stylesheet" type="text/css" />
<link href="../my-testng.css" rel="stylesheet" type="text/css" />

<style type="text/css">
.log { display: none;} 
.stack-trace { display: none;} 
</style>
<script type="text/javascript">
<!--
function flip(e) {
  current = e.style.display;
  if (current == 'block') {
    e.style.display = 'none';
    return 0;
  }
  else {
    e.style.display = 'block';
    return 1;
  }
}

function toggleBox(szDivId, elem, msg1, msg2)
{
  var res = -1;  if (document.getElementById) {
    res = flip(document.getElementById(szDivId));
  }
  else if (document.all) {
    // this is the way old msie versions work
    res = flip(document.all[szDivId]);
  }
  if(elem) {
    if(res == 0) elem.innerHTML = msg1; else elem.innerHTML = msg2;
  }

}

function toggleAllBoxes() {
  if (document.getElementsByTagName) {
    d = document.getElementsByTagName('div');
    for (i = 0; i < d.length; i++) {
      if (d[i].className == 'log') {
        flip(d[i]);
      }
    }
  }
}

// -->
</script>

</head>
<body>
<h2 align='center'>Default test</h2><table border='1' align="center">
<tr>
<td>Tests passed/Failed/Skipped:</td><td>37/0/0</td>
</tr><tr>
<td>Started on:</td><td>Sun Dec 09 21:05:45 BRST 2018</td>
</tr>
<tr><td>Total time:</td><td>2 seconds (2187 ms)</td>
</tr><tr>
<td>Included groups:</td><td></td>
</tr><tr>
<td>Excluded groups:</td><td></td>
</tr>
</table><p/>
<small><i>(Hover the method name to see the test class name)</i></small><p/>
<table width='100%' border='1' class='invocation-passed'>
<tr><td colspan='4' align='center'><b>PASSED TESTS</b></td></tr>
<tr><td><b>Test method</b></td>
<td width="30%"><b>Exception</b></td>
<td width="10%"><b>Time (seconds)</b></td>
<td><b>Instance</b></td>
</tr>
<tr>
<td title='de.letsbuildacompiler.compiler.CompilerTest.compilingCode_throwsUndeclaredVariableException_ifReadingUndefinedVariable()'><b>compilingCode_throwsUndeclaredVariableException_ifReadingUndefinedVariable</b><br>Test class: de.letsbuildacompiler.compiler.CompilerTest</td>
<td><div><pre>de.letsbuildacompiler.compiler.exceptions.UndeclaredVariableException: 1:8 undeclared variable &lt;x&gt;
	at de.letsbuildacompiler.compiler.CMinusVisitor.requireVariableIndex(CMinusVisitor.java:347)
	at de.letsbuildacompiler.compiler.CMinusVisitor.visitVariable(CMinusVisitor.java:182)
	at de.letsbuildacompiler.compiler.CMinusVisitor.visitVariable(CMinusVisitor.java:1)
	at de.letsbuildacompiler.parser.DemoParser$VariableContext.accept(DemoParser.java:287)
	at org.antlr.v4.runtime.tree.AbstractParseTreeVisitor.visit(AbstractParseTreeVisitor.java:44)
	at de.letsbuildacompiler.compiler.CMinusVisitor.visitPrintln(CMinusVisitor.java:55)
	at de.letsbuildacompiler.compiler.CMinusVisitor.visitPrintln(CMinusVisitor.java:1)
	at de.letsbuildacompiler.parser.DemoParser$PrintlnContext.accept(DemoParser.java:1109)
	at org.antlr.v4.runtime.tree.AbstractParseTreeVisitor.visitChildren(AbstractParseTreeVisitor.java:72)
	at de.letsbuildacompiler.parser.DemoBaseVisitor.visitStatement(DemoBaseVisitor.java:141)
	at de.letsbuildacompiler.parser.DemoParser$StatementContext.accept(DemoParser.java:205)
	at org.antlr.v4.runtime.tree.AbstractParseTreeVisitor.visitChildren(AbstractParseTreeVisitor.java:72)
	at de.letsbuildacompiler.parser.DemoBaseVisitor.visitMainStatement(DemoBaseVisitor.java:213)
	at de.letsbuildacompiler.parser.DemoParser$MainStatementContext.accept(DemoParser.java:129)
	at org.antlr.v4.runtime.tree.AbstractParseTreeVisitor.visit(AbstractParseTreeVisitor.java:44)
	at de.letsbuildacompiler.compiler.CMinusVisitor.visitProgram(CMinusVisitor.java:326)
	at de.letsbuildacompiler.compiler.CMinusVisitor.visitProgram(CMinusVisitor.java:1)
	at de.letsbuildacompiler.parser.DemoParser$ProgramContext.accept(DemoParser.java:73)
	at org.antlr.v4.runtime.tree.AbstractParseTreeVisitor.visit(AbstractParseTreeVisitor.java:44)
	at de.letsbuildacompiler.compiler.Main.compile(Main.java:24)
	at de.letsbuildacompiler.compiler.CompilerTest.compileAndRun(CompilerTest.java:308)
	at de.letsbuildacompiler.compiler.CompilerTest.compilingCode_throwsUndeclaredVariableException_ifReadingUndefinedVariable(CompilerTest.java:62)
	at sun.reflect.NativeMethodAccessorImpl.invoke0(Native Method)
	at sun.reflect.NativeMethodAccessorImpl.invoke(NativeMethodAccessorImpl.java:62)
	at sun.reflect.DelegatingMethodAccessorImpl.invoke(DelegatingMethodAccessorImpl.java:43)
	at java.lang.reflect.Method.invoke(Method.java:498)
	at org.testng.internal.MethodInvocationHelper.invokeMethod(MethodInvocationHelper.java:124)
	at org.testng.internal.Invoker.invokeMethod(Invoker.java:580)
	at org.testng.internal.Invoker.invokeTestMethod(Invoker.java:716)
	at org.testng.internal.Invoker.invokeTestMethods(Invoker.java:988)
	at org.testng.internal.TestMethodWorker.invokeTestMethods(TestMethodWorker.java:125)
	at org.testng.internal.TestMethodWorker.run(TestMethodWorker.java:109)
	at org.testng.TestRunner.privateRun(TestRunner.java:648)
	at org.testng.TestRunner.run(TestRunner.java:505)
	at org.testng.SuiteRunner.runTest(SuiteRunner.java:455)
	at org.testng.SuiteRunner.runSequentially(SuiteRunner.java:450)
	at org.testng.SuiteRunner.privateRun(SuiteRunner.java:415)
	at org.testng.SuiteRunner.run(SuiteRunner.java:364)
	at org.testng.SuiteRunnerWorker.runSuite(SuiteRunnerWorker.java:52)
	at org.testng.SuiteRunnerWorker.run(SuiteRunnerWorker.java:84)
	at org.testng.TestNG.runSuitesSequentially(TestNG.java:1208)
	at org.testng.TestNG.runSuitesLocally(TestNG.java:1137)
	at org.testng.TestNG.runSuites(TestNG.java:1049)
	at org.testng.TestNG.run(TestNG.java:1017)
	at org.testng.remote.AbstractRemoteTestNG.run(AbstractRemoteTestNG.java:114)
	at org.testng.remote.RemoteTestNG.initAndRun(RemoteTestNG.java:251)
	at org.testng.remote.RemoteTestNG.main(RemoteTestNG.java:77)
</pre></div><a href='#' onClick='toggleBox("stack-trace1946403944", this, "Click to show all stack frames", "Click to hide stack frames")'>Click to show all stack frames</a>
<div class='stack-trace' id='stack-trace1946403944'><pre>de.letsbuildacompiler.compiler.exceptions.UndeclaredVariableException: 1:8 undeclared variable &lt;x&gt;
	at de.letsbuildacompiler.compiler.CMinusVisitor.requireVariableIndex(CMinusVisitor.java:347)
	at de.letsbuildacompiler.compiler.CMinusVisitor.visitVariable(CMinusVisitor.java:182)
	at de.letsbuildacompiler.compiler.CMinusVisitor.visitVariable(CMinusVisitor.java:1)
	at de.letsbuildacompiler.parser.DemoParser$VariableContext.accept(DemoParser.java:287)
	at org.antlr.v4.runtime.tree.AbstractParseTreeVisitor.visit(AbstractParseTreeVisitor.java:44)
	at de.letsbuildacompiler.compiler.CMinusVisitor.visitPrintln(CMinusVisitor.java:55)
	at de.letsbuildacompiler.compiler.CMinusVisitor.visitPrintln(CMinusVisitor.java:1)
	at de.letsbuildacompiler.parser.DemoParser$PrintlnContext.accept(DemoParser.java:1109)
	at org.antlr.v4.runtime.tree.AbstractParseTreeVisitor.visitChildren(AbstractParseTreeVisitor.java:72)
	at de.letsbuildacompiler.parser.DemoBaseVisitor.visitStatement(DemoBaseVisitor.java:141)
	at de.letsbuildacompiler.parser.DemoParser$StatementContext.accept(DemoParser.java:205)
	at org.antlr.v4.runtime.tree.AbstractParseTreeVisitor.visitChildren(AbstractParseTreeVisitor.java:72)
	at de.letsbuildacompiler.parser.DemoBaseVisitor.visitMainStatement(DemoBaseVisitor.java:213)
	at de.letsbuildacompiler.parser.DemoParser$MainStatementContext.accept(DemoParser.java:129)
	at org.antlr.v4.runtime.tree.AbstractParseTreeVisitor.visit(AbstractParseTreeVisitor.java:44)
	at de.letsbuildacompiler.compiler.CMinusVisitor.visitProgram(CMinusVisitor.java:326)
	at de.letsbuildacompiler.compiler.CMinusVisitor.visitProgram(CMinusVisitor.java:1)
	at de.letsbuildacompiler.parser.DemoParser$ProgramContext.accept(DemoParser.java:73)
	at org.antlr.v4.runtime.tree.AbstractParseTreeVisitor.visit(AbstractParseTreeVisitor.java:44)
	at de.letsbuildacompiler.compiler.Main.compile(Main.java:24)
	at de.letsbuildacompiler.compiler.CompilerTest.compileAndRun(CompilerTest.java:308)
	at de.letsbuildacompiler.compiler.CompilerTest.compilingCode_throwsUndeclaredVariableException_ifReadingUndefinedVariable(CompilerTest.java:62)
	at sun.reflect.NativeMethodAccessorImpl.invoke0(Native Method)
	at sun.reflect.NativeMethodAccessorImpl.invoke(NativeMethodAccessorImpl.java:62)
	at sun.reflect.DelegatingMethodAccessorImpl.invoke(DelegatingMethodAccessorImpl.java:43)
	at java.lang.reflect.Method.invoke(Method.java:498)
	at org.testng.internal.MethodInvocationHelper.invokeMethod(MethodInvocationHelper.java:124)
	at org.testng.internal.Invoker.invokeMethod(Invoker.java:580)
	at org.testng.internal.Invoker.invokeTestMethod(Invoker.java:716)
	at org.testng.internal.Invoker.invokeTestMethods(Invoker.java:988)
	at org.testng.internal.TestMethodWorker.invokeTestMethods(TestMethodWorker.java:125)
	at org.testng.internal.TestMethodWorker.run(TestMethodWorker.java:109)
	at org.testng.TestRunner.privateRun(TestRunner.java:648)
	at org.testng.TestRunner.run(TestRunner.java:505)
	at org.testng.SuiteRunner.runTest(SuiteRunner.java:455)
	at org.testng.SuiteRunner.runSequentially(SuiteRunner.java:450)
	at org.testng.SuiteRunner.privateRun(SuiteRunner.java:415)
	at org.testng.SuiteRunner.run(SuiteRunner.java:364)
	at org.testng.SuiteRunnerWorker.runSuite(SuiteRunnerWorker.java:52)
	at org.testng.SuiteRunnerWorker.run(SuiteRunnerWorker.java:84)
	at org.testng.TestNG.runSuitesSequentially(TestNG.java:1208)
	at org.testng.TestNG.runSuitesLocally(TestNG.java:1137)
	at org.testng.TestNG.runSuites(TestNG.java:1049)
	at org.testng.TestNG.run(TestNG.java:1017)
	at org.testng.remote.AbstractRemoteTestNG.run(AbstractRemoteTestNG.java:114)
	at org.testng.remote.RemoteTestNG.initAndRun(RemoteTestNG.java:251)
	at org.testng.remote.RemoteTestNG.main(RemoteTestNG.java:77)
</pre></div></td>
<td>0</td>
<td>de.letsbuildacompiler.compiler.CompilerTest@724af044</td></tr>
<tr>
<td title='de.letsbuildacompiler.compiler.CompilerTest.compilingCode_throwsUndeclaredVariableException_ifWritingUndefinedVariable()'><b>compilingCode_throwsUndeclaredVariableException_ifWritingUndefinedVariable</b><br>Test class: de.letsbuildacompiler.compiler.CompilerTest</td>
<td><div><pre>de.letsbuildacompiler.compiler.exceptions.UndeclaredVariableException: 1:0 undeclared variable &lt;x&gt;
	at de.letsbuildacompiler.compiler.CMinusVisitor.requireVariableIndex(CMinusVisitor.java:347)
	at de.letsbuildacompiler.compiler.CMinusVisitor.visitSimpleAssignment(CMinusVisitor.java:160)
	at de.letsbuildacompiler.compiler.CMinusVisitor.visitSimpleAssignment(CMinusVisitor.java:1)
	at de.letsbuildacompiler.parser.DemoParser$SimpleAssignmentContext.accept(DemoParser.java:1052)
	at org.antlr.v4.runtime.tree.AbstractParseTreeVisitor.visitChildren(AbstractParseTreeVisitor.java:72)
	at de.letsbuildacompiler.parser.DemoBaseVisitor.visitStatement(DemoBaseVisitor.java:141)
	at de.letsbuildacompiler.parser.DemoParser$StatementContext.accept(DemoParser.java:205)
	at org.antlr.v4.runtime.tree.AbstractParseTreeVisitor.visitChildren(AbstractParseTreeVisitor.java:72)
	at de.letsbuildacompiler.parser.DemoBaseVisitor.visitMainStatement(DemoBaseVisitor.java:213)
	at de.letsbuildacompiler.parser.DemoParser$MainStatementContext.accept(DemoParser.java:129)
	at org.antlr.v4.runtime.tree.AbstractParseTreeVisitor.visit(AbstractParseTreeVisitor.java:44)
	at de.letsbuildacompiler.compiler.CMinusVisitor.visitProgram(CMinusVisitor.java:326)
	at de.letsbuildacompiler.compiler.CMinusVisitor.visitProgram(CMinusVisitor.java:1)
	at de.letsbuildacompiler.parser.DemoParser$ProgramContext.accept(DemoParser.java:73)
	at org.antlr.v4.runtime.tree.AbstractParseTreeVisitor.visit(AbstractParseTreeVisitor.java:44)
	at de.letsbuildacompiler.compiler.Main.compile(Main.java:24)
	at de.letsbuildacompiler.compiler.CompilerTest.compileAndRun(CompilerTest.java:308)
	at de.letsbuildacompiler.compiler.CompilerTest.compilingCode_throwsUndeclaredVariableException_ifWritingUndefinedVariable(CompilerTest.java:71)
	at sun.reflect.NativeMethodAccessorImpl.invoke0(Native Method)
	at sun.reflect.NativeMethodAccessorImpl.invoke(NativeMethodAccessorImpl.java:62)
	at sun.reflect.DelegatingMethodAccessorImpl.invoke(DelegatingMethodAccessorImpl.java:43)
	at java.lang.reflect.Method.invoke(Method.java:498)
	at org.testng.internal.MethodInvocationHelper.invokeMethod(MethodInvocationHelper.java:124)
	at org.testng.internal.Invoker.invokeMethod(Invoker.java:580)
	at org.testng.internal.Invoker.invokeTestMethod(Invoker.java:716)
	at org.testng.internal.Invoker.invokeTestMethods(Invoker.java:988)
	at org.testng.internal.TestMethodWorker.invokeTestMethods(TestMethodWorker.java:125)
	at org.testng.internal.TestMethodWorker.run(TestMethodWorker.java:109)
	at org.testng.TestRunner.privateRun(TestRunner.java:648)
	at org.testng.TestRunner.run(TestRunner.java:505)
	at org.testng.SuiteRunner.runTest(SuiteRunner.java:455)
	at org.testng.SuiteRunner.runSequentially(SuiteRunner.java:450)
	at org.testng.SuiteRunner.privateRun(SuiteRunner.java:415)
	at org.testng.SuiteRunner.run(SuiteRunner.java:364)
	at org.testng.SuiteRunnerWorker.runSuite(SuiteRunnerWorker.java:52)
	at org.testng.SuiteRunnerWorker.run(SuiteRunnerWorker.java:84)
	at org.testng.TestNG.runSuitesSequentially(TestNG.java:1208)
	at org.testng.TestNG.runSuitesLocally(TestNG.java:1137)
	at org.testng.TestNG.runSuites(TestNG.java:1049)
	at org.testng.TestNG.run(TestNG.java:1017)
	at org.testng.remote.AbstractRemoteTestNG.run(AbstractRemoteTestNG.java:114)
	at org.testng.remote.RemoteTestNG.initAndRun(RemoteTestNG.java:251)
	at org.testng.remote.RemoteTestNG.main(RemoteTestNG.java:77)
</pre></div><a href='#' onClick='toggleBox("stack-trace399534175", this, "Click to show all stack frames", "Click to hide stack frames")'>Click to show all stack frames</a>
<div class='stack-trace' id='stack-trace399534175'><pre>de.letsbuildacompiler.compiler.exceptions.UndeclaredVariableException: 1:0 undeclared variable &lt;x&gt;
	at de.letsbuildacompiler.compiler.CMinusVisitor.requireVariableIndex(CMinusVisitor.java:347)
	at de.letsbuildacompiler.compiler.CMinusVisitor.visitSimpleAssignment(CMinusVisitor.java:160)
	at de.letsbuildacompiler.compiler.CMinusVisitor.visitSimpleAssignment(CMinusVisitor.java:1)
	at de.letsbuildacompiler.parser.DemoParser$SimpleAssignmentContext.accept(DemoParser.java:1052)
	at org.antlr.v4.runtime.tree.AbstractParseTreeVisitor.visitChildren(AbstractParseTreeVisitor.java:72)
	at de.letsbuildacompiler.parser.DemoBaseVisitor.visitStatement(DemoBaseVisitor.java:141)
	at de.letsbuildacompiler.parser.DemoParser$StatementContext.accept(DemoParser.java:205)
	at org.antlr.v4.runtime.tree.AbstractParseTreeVisitor.visitChildren(AbstractParseTreeVisitor.java:72)
	at de.letsbuildacompiler.parser.DemoBaseVisitor.visitMainStatement(DemoBaseVisitor.java:213)
	at de.letsbuildacompiler.parser.DemoParser$MainStatementContext.accept(DemoParser.java:129)
	at org.antlr.v4.runtime.tree.AbstractParseTreeVisitor.visit(AbstractParseTreeVisitor.java:44)
	at de.letsbuildacompiler.compiler.CMinusVisitor.visitProgram(CMinusVisitor.java:326)
	at de.letsbuildacompiler.compiler.CMinusVisitor.visitProgram(CMinusVisitor.java:1)
	at de.letsbuildacompiler.parser.DemoParser$ProgramContext.accept(DemoParser.java:73)
	at org.antlr.v4.runtime.tree.AbstractParseTreeVisitor.visit(AbstractParseTreeVisitor.java:44)
	at de.letsbuildacompiler.compiler.Main.compile(Main.java:24)
	at de.letsbuildacompiler.compiler.CompilerTest.compileAndRun(CompilerTest.java:308)
	at de.letsbuildacompiler.compiler.CompilerTest.compilingCode_throwsUndeclaredVariableException_ifWritingUndefinedVariable(CompilerTest.java:71)
	at sun.reflect.NativeMethodAccessorImpl.invoke0(Native Method)
	at sun.reflect.NativeMethodAccessorImpl.invoke(NativeMethodAccessorImpl.java:62)
	at sun.reflect.DelegatingMethodAccessorImpl.invoke(DelegatingMethodAccessorImpl.java:43)
	at java.lang.reflect.Method.invoke(Method.java:498)
	at org.testng.internal.MethodInvocationHelper.invokeMethod(MethodInvocationHelper.java:124)
	at org.testng.internal.Invoker.invokeMethod(Invoker.java:580)
	at org.testng.internal.Invoker.invokeTestMethod(Invoker.java:716)
	at org.testng.internal.Invoker.invokeTestMethods(Invoker.java:988)
	at org.testng.internal.TestMethodWorker.invokeTestMethods(TestMethodWorker.java:125)
	at org.testng.internal.TestMethodWorker.run(TestMethodWorker.java:109)
	at org.testng.TestRunner.privateRun(TestRunner.java:648)
	at org.testng.TestRunner.run(TestRunner.java:505)
	at org.testng.SuiteRunner.runTest(SuiteRunner.java:455)
	at org.testng.SuiteRunner.runSequentially(SuiteRunner.java:450)
	at org.testng.SuiteRunner.privateRun(SuiteRunner.java:415)
	at org.testng.SuiteRunner.run(SuiteRunner.java:364)
	at org.testng.SuiteRunnerWorker.runSuite(SuiteRunnerWorker.java:52)
	at org.testng.SuiteRunnerWorker.run(SuiteRunnerWorker.java:84)
	at org.testng.TestNG.runSuitesSequentially(TestNG.java:1208)
	at org.testng.TestNG.runSuitesLocally(TestNG.java:1137)
	at org.testng.TestNG.runSuites(TestNG.java:1049)
	at org.testng.TestNG.run(TestNG.java:1017)
	at org.testng.remote.AbstractRemoteTestNG.run(AbstractRemoteTestNG.java:114)
	at org.testng.remote.RemoteTestNG.initAndRun(RemoteTestNG.java:251)
	at org.testng.remote.RemoteTestNG.main(RemoteTestNG.java:77)
</pre></div></td>
<td>0</td>
<td>de.letsbuildacompiler.compiler.CompilerTest@724af044</td></tr>
<tr>
<td title='de.letsbuildacompiler.compiler.CompilerTest.compilingCode_throwsVariableAlreadyDefinedException_whenDefiningAlreadyDefinedVariable()'><b>compilingCode_throwsVariableAlreadyDefinedException_whenDefiningAlreadyDefinedVariable</b><br>Test class: de.letsbuildacompiler.compiler.CompilerTest</td>
<td><div><pre>de.letsbuildacompiler.compiler.exceptions.VariableAlreadyDefinedException: 2:4 variable already defined: &lt;x&gt;
	at de.letsbuildacompiler.compiler.CMinusVisitor.visitSimpleVarDeclaration(CMinusVisitor.java:127)
	at de.letsbuildacompiler.compiler.CMinusVisitor.visitSimpleVarDeclaration(CMinusVisitor.java:1)
	at de.letsbuildacompiler.parser.DemoParser$SimpleVarDeclarationContext.accept(DemoParser.java:919)
	at org.antlr.v4.runtime.tree.AbstractParseTreeVisitor.visitChildren(AbstractParseTreeVisitor.java:72)
	at de.letsbuildacompiler.parser.DemoBaseVisitor.visitStatement(DemoBaseVisitor.java:141)
	at de.letsbuildacompiler.parser.DemoParser$StatementContext.accept(DemoParser.java:205)
	at org.antlr.v4.runtime.tree.AbstractParseTreeVisitor.visitChildren(AbstractParseTreeVisitor.java:72)
	at de.letsbuildacompiler.parser.DemoBaseVisitor.visitMainStatement(DemoBaseVisitor.java:213)
	at de.letsbuildacompiler.parser.DemoParser$MainStatementContext.accept(DemoParser.java:129)
	at org.antlr.v4.runtime.tree.AbstractParseTreeVisitor.visit(AbstractParseTreeVisitor.java:44)
	at de.letsbuildacompiler.compiler.CMinusVisitor.visitProgram(CMinusVisitor.java:326)
	at de.letsbuildacompiler.compiler.CMinusVisitor.visitProgram(CMinusVisitor.java:1)
	at de.letsbuildacompiler.parser.DemoParser$ProgramContext.accept(DemoParser.java:73)
	at org.antlr.v4.runtime.tree.AbstractParseTreeVisitor.visit(AbstractParseTreeVisitor.java:44)
	at de.letsbuildacompiler.compiler.Main.compile(Main.java:24)
	at de.letsbuildacompiler.compiler.CompilerTest.compileAndRun(CompilerTest.java:308)
	at de.letsbuildacompiler.compiler.CompilerTest.compilingCode_throwsVariableAlreadyDefinedException_whenDefiningAlreadyDefinedVariable(CompilerTest.java:80)
	at sun.reflect.NativeMethodAccessorImpl.invoke0(Native Method)
	at sun.reflect.NativeMethodAccessorImpl.invoke(NativeMethodAccessorImpl.java:62)
	at sun.reflect.DelegatingMethodAccessorImpl.invoke(DelegatingMethodAccessorImpl.java:43)
	at java.lang.reflect.Method.invoke(Method.java:498)
	at org.testng.internal.MethodInvocationHelper.invokeMethod(MethodInvocationHelper.java:124)
	at org.testng.internal.Invoker.invokeMethod(Invoker.java:580)
	at org.testng.internal.Invoker.invokeTestMethod(Invoker.java:716)
	at org.testng.internal.Invoker.invokeTestMethods(Invoker.java:988)
	at org.testng.internal.TestMethodWorker.invokeTestMethods(TestMethodWorker.java:125)
	at org.testng.internal.TestMethodWorker.run(TestMethodWorker.java:109)
	at org.testng.TestRunner.privateRun(TestRunner.java:648)
	at org.testng.TestRunner.run(TestRunner.java:505)
	at org.testng.SuiteRunner.runTest(SuiteRunner.java:455)
	at org.testng.SuiteRunner.runSequentially(SuiteRunner.java:450)
	at org.testng.SuiteRunner.privateRun(SuiteRunner.java:415)
	at org.testng.SuiteRunner.run(SuiteRunner.java:364)
	at org.testng.SuiteRunnerWorker.runSuite(SuiteRunnerWorker.java:52)
	at org.testng.SuiteRunnerWorker.run(SuiteRunnerWorker.java:84)
	at org.testng.TestNG.runSuitesSequentially(TestNG.java:1208)
	at org.testng.TestNG.runSuitesLocally(TestNG.java:1137)
	at org.testng.TestNG.runSuites(TestNG.java:1049)
	at org.testng.TestNG.run(TestNG.java:1017)
	at org.testng.remote.AbstractRemoteTestNG.run(AbstractRemoteTestNG.java:114)
	at org.testng.remote.RemoteTestNG.initAndRun(RemoteTestNG.java:251)
	at org.testng.remote.RemoteTestNG.main(RemoteTestNG.java:77)
</pre></div><a href='#' onClick='toggleBox("stack-trace963522361", this, "Click to show all stack frames", "Click to hide stack frames")'>Click to show all stack frames</a>
<div class='stack-trace' id='stack-trace963522361'><pre>de.letsbuildacompiler.compiler.exceptions.VariableAlreadyDefinedException: 2:4 variable already defined: &lt;x&gt;
	at de.letsbuildacompiler.compiler.CMinusVisitor.visitSimpleVarDeclaration(CMinusVisitor.java:127)
	at de.letsbuildacompiler.compiler.CMinusVisitor.visitSimpleVarDeclaration(CMinusVisitor.java:1)
	at de.letsbuildacompiler.parser.DemoParser$SimpleVarDeclarationContext.accept(DemoParser.java:919)
	at org.antlr.v4.runtime.tree.AbstractParseTreeVisitor.visitChildren(AbstractParseTreeVisitor.java:72)
	at de.letsbuildacompiler.parser.DemoBaseVisitor.visitStatement(DemoBaseVisitor.java:141)
	at de.letsbuildacompiler.parser.DemoParser$StatementContext.accept(DemoParser.java:205)
	at org.antlr.v4.runtime.tree.AbstractParseTreeVisitor.visitChildren(AbstractParseTreeVisitor.java:72)
	at de.letsbuildacompiler.parser.DemoBaseVisitor.visitMainStatement(DemoBaseVisitor.java:213)
	at de.letsbuildacompiler.parser.DemoParser$MainStatementContext.accept(DemoParser.java:129)
	at org.antlr.v4.runtime.tree.AbstractParseTreeVisitor.visit(AbstractParseTreeVisitor.java:44)
	at de.letsbuildacompiler.compiler.CMinusVisitor.visitProgram(CMinusVisitor.java:326)
	at de.letsbuildacompiler.compiler.CMinusVisitor.visitProgram(CMinusVisitor.java:1)
	at de.letsbuildacompiler.parser.DemoParser$ProgramContext.accept(DemoParser.java:73)
	at org.antlr.v4.runtime.tree.AbstractParseTreeVisitor.visit(AbstractParseTreeVisitor.java:44)
	at de.letsbuildacompiler.compiler.Main.compile(Main.java:24)
	at de.letsbuildacompiler.compiler.CompilerTest.compileAndRun(CompilerTest.java:308)
	at de.letsbuildacompiler.compiler.CompilerTest.compilingCode_throwsVariableAlreadyDefinedException_whenDefiningAlreadyDefinedVariable(CompilerTest.java:80)
	at sun.reflect.NativeMethodAccessorImpl.invoke0(Native Method)
	at sun.reflect.NativeMethodAccessorImpl.invoke(NativeMethodAccessorImpl.java:62)
	at sun.reflect.DelegatingMethodAccessorImpl.invoke(DelegatingMethodAccessorImpl.java:43)
	at java.lang.reflect.Method.invoke(Method.java:498)
	at org.testng.internal.MethodInvocationHelper.invokeMethod(MethodInvocationHelper.java:124)
	at org.testng.internal.Invoker.invokeMethod(Invoker.java:580)
	at org.testng.internal.Invoker.invokeTestMethod(Invoker.java:716)
	at org.testng.internal.Invoker.invokeTestMethods(Invoker.java:988)
	at org.testng.internal.TestMethodWorker.invokeTestMethods(TestMethodWorker.java:125)
	at org.testng.internal.TestMethodWorker.run(TestMethodWorker.java:109)
	at org.testng.TestRunner.privateRun(TestRunner.java:648)
	at org.testng.TestRunner.run(TestRunner.java:505)
	at org.testng.SuiteRunner.runTest(SuiteRunner.java:455)
	at org.testng.SuiteRunner.runSequentially(SuiteRunner.java:450)
	at org.testng.SuiteRunner.privateRun(SuiteRunner.java:415)
	at org.testng.SuiteRunner.run(SuiteRunner.java:364)
	at org.testng.SuiteRunnerWorker.runSuite(SuiteRunnerWorker.java:52)
	at org.testng.SuiteRunnerWorker.run(SuiteRunnerWorker.java:84)
	at org.testng.TestNG.runSuitesSequentially(TestNG.java:1208)
	at org.testng.TestNG.runSuitesLocally(TestNG.java:1137)
	at org.testng.TestNG.runSuites(TestNG.java:1049)
	at org.testng.TestNG.run(TestNG.java:1017)
	at org.testng.remote.AbstractRemoteTestNG.run(AbstractRemoteTestNG.java:114)
	at org.testng.remote.RemoteTestNG.initAndRun(RemoteTestNG.java:251)
	at org.testng.remote.RemoteTestNG.main(RemoteTestNG.java:77)
</pre></div></td>
<td>0</td>
<td>de.letsbuildacompiler.compiler.CompilerTest@724af044</td></tr>
<tr>
<td title='de.letsbuildacompiler.compiler.CompilerTest.runningCode_outputsExpectedText()'><b>runningCode_outputsExpectedText</b><br>Test class: de.letsbuildacompiler.compiler.CompilerTest<br>Parameters: println(1+2);, 3
</td>
<td></td>
<td>0</td>
<td>de.letsbuildacompiler.compiler.CompilerTest@724af044</td></tr>
<tr>
<td title='de.letsbuildacompiler.compiler.CompilerTest.runningCode_outputsExpectedText()'><b>runningCode_outputsExpectedText</b><br>Test class: de.letsbuildacompiler.compiler.CompilerTest<br>Parameters: println(1+2+42);, 45
</td>
<td></td>
<td>0</td>
<td>de.letsbuildacompiler.compiler.CompilerTest@724af044</td></tr>
<tr>
<td title='de.letsbuildacompiler.compiler.CompilerTest.runningCode_outputsExpectedText()'><b>runningCode_outputsExpectedText</b><br>Test class: de.letsbuildacompiler.compiler.CompilerTest<br>Parameters: println(1); println(2);, 1
2
</td>
<td></td>
<td>0</td>
<td>de.letsbuildacompiler.compiler.CompilerTest@724af044</td></tr>
<tr>
<td title='de.letsbuildacompiler.compiler.CompilerTest.runningCode_outputsExpectedText()'><b>runningCode_outputsExpectedText</b><br>Test class: de.letsbuildacompiler.compiler.CompilerTest<br>Parameters: println(3-2);, 1
</td>
<td></td>
<td>0</td>
<td>de.letsbuildacompiler.compiler.CompilerTest@724af044</td></tr>
<tr>
<td title='de.letsbuildacompiler.compiler.CompilerTest.runningCode_outputsExpectedText()'><b>runningCode_outputsExpectedText</b><br>Test class: de.letsbuildacompiler.compiler.CompilerTest<br>Parameters: println(2*3);, 6
</td>
<td></td>
<td>0</td>
<td>de.letsbuildacompiler.compiler.CompilerTest@724af044</td></tr>
<tr>
<td title='de.letsbuildacompiler.compiler.CompilerTest.runningCode_outputsExpectedText()'><b>runningCode_outputsExpectedText</b><br>Test class: de.letsbuildacompiler.compiler.CompilerTest<br>Parameters: println(6/2);, 3
</td>
<td></td>
<td>0</td>
<td>de.letsbuildacompiler.compiler.CompilerTest@724af044</td></tr>
<tr>
<td title='de.letsbuildacompiler.compiler.CompilerTest.runningCode_outputsExpectedText()'><b>runningCode_outputsExpectedText</b><br>Test class: de.letsbuildacompiler.compiler.CompilerTest<br>Parameters: println(7/2);, 3
</td>
<td></td>
<td>0</td>
<td>de.letsbuildacompiler.compiler.CompilerTest@724af044</td></tr>
<tr>
<td title='de.letsbuildacompiler.compiler.CompilerTest.runningCode_outputsExpectedText()'><b>runningCode_outputsExpectedText</b><br>Test class: de.letsbuildacompiler.compiler.CompilerTest<br>Parameters: println(8/2*4);, 16
</td>
<td></td>
<td>0</td>
<td>de.letsbuildacompiler.compiler.CompilerTest@724af044</td></tr>
<tr>
<td title='de.letsbuildacompiler.compiler.CompilerTest.runningCode_outputsExpectedText()'><b>runningCode_outputsExpectedText</b><br>Test class: de.letsbuildacompiler.compiler.CompilerTest<br>Parameters: println(2+3*3);, 11
</td>
<td></td>
<td>0</td>
<td>de.letsbuildacompiler.compiler.CompilerTest@724af044</td></tr>
<tr>
<td title='de.letsbuildacompiler.compiler.CompilerTest.runningCode_outputsExpectedText()'><b>runningCode_outputsExpectedText</b><br>Test class: de.letsbuildacompiler.compiler.CompilerTest<br>Parameters: println(9-2*3);, 3
</td>
<td></td>
<td>0</td>
<td>de.letsbuildacompiler.compiler.CompilerTest@724af044</td></tr>
<tr>
<td title='de.letsbuildacompiler.compiler.CompilerTest.runningCode_outputsExpectedText()'><b>runningCode_outputsExpectedText</b><br>Test class: de.letsbuildacompiler.compiler.CompilerTest<br>Parameters: println(8-2+5);, 11
</td>
<td></td>
<td>0</td>
<td>de.letsbuildacompiler.compiler.CompilerTest@724af044</td></tr>
<tr>
<td title='de.letsbuildacompiler.compiler.CompilerTest.runningCode_outputsExpectedText()'><b>runningCode_outputsExpectedText</b><br>Test class: de.letsbuildacompiler.compiler.CompilerTest<br>Parameters: int foo; foo = 42; println(foo);, 42
</td>
<td></td>
<td>0</td>
<td>de.letsbuildacompiler.compiler.CompilerTest@724af044</td></tr>
<tr>
<td title='de.letsbuildacompiler.compiler.CompilerTest.runningCode_outputsExpectedText()'><b>runningCode_outputsExpectedText</b><br>Test class: de.letsbuildacompiler.compiler.CompilerTest<br>Parameters: int foo; foo = 42; println(foo+2);, 44
</td>
<td></td>
<td>0</td>
<td>de.letsbuildacompiler.compiler.CompilerTest@724af044</td></tr>
<tr>
<td title='de.letsbuildacompiler.compiler.CompilerTest.runningCode_outputsExpectedText()'><b>runningCode_outputsExpectedText</b><br>Test class: de.letsbuildacompiler.compiler.CompilerTest<br>Parameters: int a; int b; a = 2; b = 5; println(a+b);, 7
</td>
<td></td>
<td>0</td>
<td>de.letsbuildacompiler.compiler.CompilerTest@724af044</td></tr>
<tr>
<td title='de.letsbuildacompiler.compiler.CompilerTest.runningCode_outputsExpectedText()'><b>runningCode_outputsExpectedText</b><br>Test class: de.letsbuildacompiler.compiler.CompilerTest<br>Parameters: int randomNumber() { return 4; } println(randomNumber());, 4
</td>
<td></td>
<td>0</td>
<td>de.letsbuildacompiler.compiler.CompilerTest@724af044</td></tr>
<tr>
<td title='de.letsbuildacompiler.compiler.CompilerTest.runningCode_outputsExpectedText()'><b>runningCode_outputsExpectedText</b><br>Test class: de.letsbuildacompiler.compiler.CompilerTest<br>Parameters: int randomNumber() {
  int i;
  i = 4;
  return i;
}
println(randomNumber());, 4
</td>
<td></td>
<td>0</td>
<td>de.letsbuildacompiler.compiler.CompilerTest@724af044</td></tr>
<tr>
<td title='de.letsbuildacompiler.compiler.CompilerTest.runningCode_outputsExpectedText()'><b>runningCode_outputsExpectedText</b><br>Test class: de.letsbuildacompiler.compiler.CompilerTest<br>Parameters: int randomNumber() {
  int i;
  i = 4;
  return i;
}
int i;
i = 42;
println(randomNumber());
println(i);, 4
42
</td>
<td></td>
<td>0</td>
<td>de.letsbuildacompiler.compiler.CompilerTest@724af044</td></tr>
<tr>
<td title='de.letsbuildacompiler.compiler.CompilerTest.runningCode_outputsExpectedText()'><b>runningCode_outputsExpectedText</b><br>Test class: de.letsbuildacompiler.compiler.CompilerTest<br>Parameters: int add(int a, int b) {
  return a+b;
}
println(add(5,8));, 13
</td>
<td></td>
<td>0</td>
<td>de.letsbuildacompiler.compiler.CompilerTest@724af044</td></tr>
<tr>
<td title='de.letsbuildacompiler.compiler.CompilerTest.runningCode_outputsExpectedText()'><b>runningCode_outputsExpectedText</b><br>Test class: de.letsbuildacompiler.compiler.CompilerTest<br>Parameters: int methodWithParams(int a) {
  int x;
  x = a;
  return x;
}
println(methodWithParams(5));, 5
</td>
<td></td>
<td>0</td>
<td>de.letsbuildacompiler.compiler.CompilerTest@724af044</td></tr>
<tr>
<td title='de.letsbuildacompiler.compiler.CompilerTest.runningCode_outputsExpectedText()'><b>runningCode_outputsExpectedText</b><br>Test class: de.letsbuildacompiler.compiler.CompilerTest<br>Parameters: int vector() {
  int x[3];
  x[0] = 10;
  x[1] = x[0] + x[0];
  x[2] = x[1] + x[0];
  return x[2];
}
println(vector());, 30
</td>
<td></td>
<td>0</td>
<td>de.letsbuildacompiler.compiler.CompilerTest@724af044</td></tr>
<tr>
<td title='de.letsbuildacompiler.compiler.CompilerTest.runningCode_outputsExpectedText()'><b>runningCode_outputsExpectedText</b><br>Test class: de.letsbuildacompiler.compiler.CompilerTest<br>Parameters: int main() {
int z[10];
z[0] = 300;
return z[0];
}
println(main());, 300
</td>
<td></td>
<td>0</td>
<td>de.letsbuildacompiler.compiler.CompilerTest@724af044</td></tr>
<tr>
<td title='de.letsbuildacompiler.compiler.CompilerTest.runningCode_outputsExpectedText()'><b>runningCode_outputsExpectedText</b><br>Test class: de.letsbuildacompiler.compiler.CompilerTest<br>Parameters: int assignToVector(int a) {
  int x[3];
  x[0] = a;
  return x[0];
}
println(assignToVector(10));, 10
</td>
<td></td>
<td>0</td>
<td>de.letsbuildacompiler.compiler.CompilerTest@724af044</td></tr>
<tr>
<td title='de.letsbuildacompiler.compiler.CompilerTest.runningCode_outputsExpectedText()'><b>runningCode_outputsExpectedText</b><br>Test class: de.letsbuildacompiler.compiler.CompilerTest<br>Parameters: int vectorIndex(int index) {
  int x[10];
  x[index] = index;
  return x[index];
}
println(vectorIndex(2));, 2
</td>
<td></td>
<td>0</td>
<td>de.letsbuildacompiler.compiler.CompilerTest@724af044</td></tr>
<tr>
<td title='de.letsbuildacompiler.compiler.CompilerTest.runningCode_outputsExpectedText()'><b>runningCode_outputsExpectedText</b><br>Test class: de.letsbuildacompiler.compiler.CompilerTest<br>Parameters: int PA(int a) {
  int x[4];
  x[0] = a;
  x[1] = x[0] + a;
  x[2] = x[1] + a;
  x[3] = x[2] + a;
  return x[3];
}
println(PA(10));, 40
</td>
<td></td>
<td>0</td>
<td>de.letsbuildacompiler.compiler.CompilerTest@724af044</td></tr>
<tr>
<td title='de.letsbuildacompiler.compiler.CompilerTest.runningCode_outputsExpectedText()'><b>runningCode_outputsExpectedText</b><br>Test class: de.letsbuildacompiler.compiler.CompilerTest<br>Parameters: int swap(int a, int b) {
  int x[2];
  x[0] = a;
  x[1] = b;
  int c;
  c = x[0];
  x[0] = x[1];
  x[1] = c;
  println(x[1]);
  return x[0];
}
println(swap(9,3));, 9
3
</td>
<td></td>
<td>0</td>
<td>de.letsbuildacompiler.compiler.CompilerTest@724af044</td></tr>
<tr>
<td title='de.letsbuildacompiler.compiler.CompilerTest.runningCode_outputsExpectedText()'><b>runningCode_outputsExpectedText</b><br>Test class: de.letsbuildacompiler.compiler.CompilerTest<br>Parameters: int vectorArg(int a[]) {
  println(a[2]);
  a[0] = 1;
  return a[0];
}
int a[10];
a[2] = 3;
println(vectorArg(a));, 3
1
</td>
<td></td>
<td>0</td>
<td>de.letsbuildacompiler.compiler.CompilerTest@724af044</td></tr>
<tr>
<td title='de.letsbuildacompiler.compiler.CompilerTest.runningCode_outputsExpectedText()'><b>runningCode_outputsExpectedText</b><br>Test class: de.letsbuildacompiler.compiler.CompilerTest<br>Parameters: int swapVector(int a[], int b[]) {
  int temp;
  temp = a[0];
  a[0] = b[1];
  b[1] = temp;
  println(b[1]);
  return a[0];
}
int a[10];
a[0] = 99;
a[1] = 15;
println(swapVector(a, a));, 99
15
</td>
<td></td>
<td>0</td>
<td>de.letsbuildacompiler.compiler.CompilerTest@724af044</td></tr>
<tr>
<td title='de.letsbuildacompiler.compiler.CompilerTest.runningCode_outputsExpectedText()'><b>runningCode_outputsExpectedText</b><br>Test class: de.letsbuildacompiler.compiler.CompilerTest<br>Parameters: int simpleWhile() {
  int i;
  i = 0;
  while (i < 10) {
  		i = i + 1;
	};
 return i;
}
println(simpleWhile());, 10
</td>
<td></td>
<td>0</td>
<td>de.letsbuildacompiler.compiler.CompilerTest@724af044</td></tr>
<tr>
<td title='de.letsbuildacompiler.compiler.CompilerTest.runningCode_outputsExpectedText()'><b>runningCode_outputsExpectedText</b><br>Test class: de.letsbuildacompiler.compiler.CompilerTest<br>Parameters: int whileALessThanB(int a, int b) {
  while (a < b) {
  		a = a + 1;
	};
 return a;
}
println(whileALessThanB(1, 10));, 10
</td>
<td></td>
<td>0</td>
<td>de.letsbuildacompiler.compiler.CompilerTest@724af044</td></tr>
<tr>
<td title='de.letsbuildacompiler.compiler.CompilerTest.runningCode_outputsExpectedText()'><b>runningCode_outputsExpectedText</b><br>Test class: de.letsbuildacompiler.compiler.CompilerTest<br>Parameters: int initArray() {
  int i;
  i = 0;
  int vec[10];
  while (i < 10) {
  		vec[i] = i;
  		println(vec[i]);
  		i = i + 1;
	};
  println(vec[3]);
 return 1;
}
println(initArray());, 0
1
2
3
4
5
6
7
8
9
3
1
</td>
<td></td>
<td>0</td>
<td>de.letsbuildacompiler.compiler.CompilerTest@724af044</td></tr>
<tr>
<td title='de.letsbuildacompiler.compiler.CompilerTest.runningCode_outputsExpectedText()'><b>runningCode_outputsExpectedText</b><br>Test class: de.letsbuildacompiler.compiler.CompilerTest<br>Parameters: int simpleIfTrue() {
  int i;
  i = 0;
  if (i < 10) {
  	i = i + 1;
  };
 return i;
}
println(simpleIfTrue());, 1
</td>
<td></td>
<td>0</td>
<td>de.letsbuildacompiler.compiler.CompilerTest@724af044</td></tr>
<tr>
<td title='de.letsbuildacompiler.compiler.CompilerTest.runningCode_outputsExpectedText()'><b>runningCode_outputsExpectedText</b><br>Test class: de.letsbuildacompiler.compiler.CompilerTest<br>Parameters: int simpleIfFalse() {
  int i;
  i = 0;
  if (i >= 10) {
  	i = i + 1;
  };
 return i;
}
println(simpleIfFalse());, 0
</td>
<td></td>
<td>0</td>
<td>de.letsbuildacompiler.compiler.CompilerTest@724af044</td></tr>
<tr>
<td title='de.letsbuildacompiler.compiler.CompilerTest.runningCode_outputsExpectedText()'><b>runningCode_outputsExpectedText</b><br>Test class: de.letsbuildacompiler.compiler.CompilerTest<br>Parameters: int simpleIfElse() {
  int i;
  i = 0;
  if (i == 10) {
  	i = i + 1;
  } else {
   i = 200;
  };
 return i;
}
println(simpleIfElse());, 200
</td>
<td></td>
<td>0</td>
<td>de.letsbuildacompiler.compiler.CompilerTest@724af044</td></tr>
<tr>
<td title='de.letsbuildacompiler.compiler.CompilerTest.runningCode_outputsExpectedText()'><b>runningCode_outputsExpectedText</b><br>Test class: de.letsbuildacompiler.compiler.CompilerTest<br>Parameters: int inserir(int k, int x, int n, int v[]) {
int j;
j = n;
while (j > k) {
j = j - 1;
v[j] = v[j-1];
};
v[k] = x;
return n + 1;
}
int v[100];
v[0] = 10;
v[1] = 20;
v[2] = 30;
v[3] = 40;
v[4] = 50;
println(inserir(2, 40, 5, v));, 6
</td>
<td></td>
<td>0</td>
<td>de.letsbuildacompiler.compiler.CompilerTest@724af044</td></tr>
</table><p>
</body>
</html>